  ┊ review diff
a/agency-handoffs/chad-revision-ads.md → b/agency-handoffs/chad-revision-ads.md
@@ -0,0 +1,977 @@
+# Chad revision ads + media_plan — Jag Electric
+
+Status: DRAFT ONLY. No spend. No launch. No public ad changes. No platform mutations.
+Prepared by: Chad, media buyer lane.
+Date: 2026-06-08
+
+## Operating boundaries
+
+- This is a stronger draft ad copy and early media plan for Meta and Google only.
+- Nothing here authorizes launch, spend, publishing, account edits, tracking edits, CRM edits, or website source edits.
+- All claims must stay inside the verified fact brief.
+- Do not claim JAG project photos unless the asset is verified as a real JAG job photo.
+- Representative/generated/stock-style electrical photos may be used only if internally labeled honestly in the asset inventory and alt/source notes.
+- No fake reviews, license numbers, emergency/24-7 claims, guaranteed same-day service, warranties, rankings, financing, or fake CRM delivery.
+- Use conservative scheduling language: “call to schedule” and “limited evening and weekend appointments may be available.” Do not say 24/7.
+- Estimate-prep language must stay honest if the form is not wired to email/CRM: click-to-call and mailto fallback; no instant-response or automation claim.
+
+## Verified proof points allowed in ads
+
+Use these carefully, without overloading every ad:
+
+- JAG Electric / Jag Electric, LLC is an electrical contractor serving Pittsburg, Galena, and nearby areas within roughly a 30-mile radius.
+- Address: 807 E 7th St, Galena, KS 66739.
+- Phone: (620) 714-1125.
+- Email: jag.electric@yahoo.com.
+- Owner/principal listed by BBB: Joe Gendre.
+- BBB: Accredited since 2/20/2020, A+ rated, business started 3/7/2019, incorporated 4/2/2019.
+- Google rating supplied by Toby: 4.9 from 50 Google reviews.
+- Facebook: 100% recommend based on 20 reviews; 354 likes/followers.
+- HomeAdvisor: 4.9 from 45 reviews; approved; Master Electrician and Panel Upgrades listed; 24 years of experience listed by HomeAdvisor.
+- Services from brief: residential and commercial electrical contractor services, rewiring, fixture installation, panel upgrades, outlets, switches, lighting, outlet repairs, remodel/new construction wiring, computer cable installation.
+- Review snippets supplied: “The work is high quality!” / “A great choice if you want quality work without hassle.” / “Jag Electric and the technician Jacob did a wonderful job!”
+
+## Core campaign position
+
+JAG Electric should not be positioned as a generic “cheap electrician near me.” The stronger position is:
+
+Local residential and commercial electrical help for homeowners and businesses around Pittsburg, Galena, Joplin, Frontenac, and Girard who want the work looked at carefully, explained clearly, and handled without hassle.
+
+Primary emotional triggers:
+
+1. Safety concern: old panel, flickering lights, warm outlets, overloaded circuits, remodel wiring questions.
+2. Project clarity: customer needs an electrician who can explain the right next step before work starts.
+3. Local trust: nearby contractor with public proof signals, not a national lead marketplace.
+4. Practical scheduling: call to schedule; limited evening/weekend appointments may be available.
+5. Quality without hassle: lean into supplied review snippets without inventing new testimonials.
+
+## Landing page angles for revised site
+
+Use these page-level angles once Forge/Wordsmith/Niko deepen the pages:
+
+### Homepage landing angle
+
+Headline direction: “Electrical work around Pittsburg and Galena should feel clear before anyone opens a wall.”
+
+Ad traffic purpose: Route general residential/commercial traffic to a stronger homepage that quickly proves JAG is local, practical, and capable.
+
+Required homepage conversion sections for ad traffic:
+
+- Above-fold call-to-schedule block with phone number.
+- “What do you need checked?” quick service selector.
+- Local service-radius section: Pittsburg, Galena, Joplin, Frontenac, Girard, and nearby areas within roughly 30 miles.
+- Trust proof section using verified review/rating facts only.
+- “Before you call” estimate-prep checklist.
+- Representative/verified photo inventory disclosure handled internally, not as awkward customer copy.
+- Bottom CTA: call or email with clear note that the prep form helps organize the request.
+
+### Panel upgrades landing angle
+
+Best for Google Search and Meta problem/education ads.
+
+Hook: “If the panel is packed, tripping, outdated, or being asked to carry a remodel, get it looked at before adding more load.”
+
+Page must explain:
+
+- Why panels get evaluated.
+- Signs a customer should call.
+- What the electrician needs to know.
… omitted 899 diff line(s) across 1 additional file(s)/section(s)

session_id: 20260608_151014_f01fe6
Chad here.

Done. Wrote the draft-only Meta/Google ad copy package and media_plan to:

/home/toby/jag-electric-site/agency-handoffs/chad-revision-ads.md

Verified the file exists and begins with the correct draft-only/no-spend/no-launch boundaries.

No source code edited. No spend. No launch. No platform mutations.
